<?xml version="1.0" encoding="UTF-8"?>
<!-- Generated by org.testng.reporters.JUnitReportReporter -->
<testsuite skipped="3" hostname="HSC-PF1DSQNS" name="com.testScripts.PayablesScript2" tests="4" failures="0" timestamp="2020-07-07T14:22:08 IST" time="207.480" errors="0">
  <testcase name="selecting_PayableModule" time="207.480" classname="com.testScripts.PayablesScript2"/>
  <testcase name="createInvoice" time="0.000" classname="com.testScripts.PayablesScript2">
    <skipped/>
  </testcase> <!-- createInvoice -->
  <testcase name="validateInvoiceAmmount" time="0.000" classname="com.testScripts.PayablesScript2">
    <skipped/>
  </testcase> <!-- validateInvoiceAmmount -->
  <testcase name="validateManageInvoice" time="0.000" classname="com.testScripts.PayablesScript2">
    <skipped/>
  </testcase> <!-- validateManageInvoice -->
</testsuite> <!-- com.testScripts.PayablesScript2 -->
