<?xml version="1.0" encoding="UTF-8"?>
<!-- Generated by org.testng.reporters.JUnitReportReporter -->
<testsuite skipped="0" hostname="HSC-PF1DSQNS" name="com.testScripts.GeneralAccounting_Script" tests="3" failures="0" timestamp="2020-07-16T09:52:52 IST" time="396.897" errors="0">
  <testcase name="selecting_GeneralAccounting_Module" time="114.063" classname="com.testScripts.GeneralAccounting_Script"/>
  <testcase name="create_Journal" time="148.340" classname="com.testScripts.GeneralAccounting_Script"/>
  <testcase name="create_Journal" time="134.494" classname="com.testScripts.GeneralAccounting_Script"/>
</testsuite> <!-- com.testScripts.GeneralAccounting_Script -->
