<?xml version="1.0" encoding="UTF-8"?>
<!-- Generated by org.testng.reporters.JUnitReportReporter -->
<testsuite skipped="0" hostname="HSC-PF1DSQNS" name="com.testScripts.RequisitionScript" tests="2" failures="0" timestamp="2020-07-16T09:52:52 IST" time="368.006" errors="0">
  <testcase name="launchApplication" time="105.177" classname="com.testScripts.RequisitionScript"/>
  <testcase name="RequisitionProcess" time="262.829" classname="com.testScripts.RequisitionScript"/>
</testsuite> <!-- com.testScripts.RequisitionScript -->
