<?xml version="1.0" encoding="UTF-8"?>
<!-- Generated by org.testng.reporters.JUnitReportReporter -->
<testsuite skipped="0" hostname="HSC-PF1DSQNS" name="com.testScripts.PayablessScript2" tests="2" failures="0" timestamp="2020-07-16T09:52:52 IST" time="460.124" errors="0">
  <testcase name="aaplicationLaunch" time="136.779" classname="com.testScripts.PayablessScript2"/>
  <testcase name="createInvoiceFlow" time="323.345" classname="com.testScripts.PayablessScript2"/>
</testsuite> <!-- com.testScripts.PayablessScript2 -->
